<?xml version="1.0" encoding="UTF-8"?>
<!-- Generated by org.testng.reporters.JUnitReportReporter -->
<testsuite hostname="DESKTOP-BEO3GE6" failures="0" tests="1" name="TestNG_Keywords.MyTestClass" time="0.010" errors="0" timestamp="2022-07-01T14:13:31 IST" skipped="0">
  <testcase classname="TestNG_Keywords.MyTestClass" name="Test2" time="0.010"/>
  <system-out>
    <![CDATA[TC is failed]]>
  </system-out>
</testsuite> <!-- TestNG_Keywords.MyTestClass -->
