<?xml version="1.0" encoding="UTF-8"?>
<!-- Generated by org.testng.reporters.JUnitReportReporter -->
<testsuite hostname="DESKTOP-BEO3GE6" failures="0" tests="2" name="TestNGStudy.TestKeyWords_3" time="0.010" errors="0" timestamp="2022-06-28T14:05:13 IST" skipped="1">
  <testcase classname="TestNGStudy.TestKeyWords_3" name="test" time="0.010"/>
  <system-out>
    <![CDATA[TC is pass]]>
  </system-out>
  <testcase classname="TestNGStudy.TestKeyWords_3" name="enabledUse">
    <skipped/>
  </testcase> <!-- enabledUse -->
  <system-out/>
</testsuite> <!-- TestNGStudy.TestKeyWords_3 -->
