<?xml version="1.0" encoding="UTF-8"?>
<!-- Generated by org.testng.reporters.JUnitReportReporter -->
<testsuite hostname="DESKTOP-BEO3GE6" failures="0" tests="1" name="TestNG_Kite_POM_Excel.Kite_POM_Testing_TestNG" time="7.364" errors="0" timestamp="2022-07-04T14:05:43 IST" skipped="0">
  <testcase classname="TestNG_Kite_POM_Excel.Kite_POM_Testing_TestNG" name="myTest" time="7.364"/>
  <system-out>
    <![CDATA[Actual and Expected are matching then TC is Passed]]>
  </system-out>
</testsuite> <!-- TestNG_Kite_POM_Excel.Kite_POM_Testing_TestNG -->
