<?xml version="1.0" encoding="UTF-8"?>
<!-- Generated by org.testng.reporters.JUnitReportReporter -->
<testsuite hostname="DESKTOP-BEO3GE6" failures="0" tests="3" name="TestNGStudy.MyTestClass" time="0.018" errors="0" timestamp="2022-06-28T14:39:33 IST" skipped="0">
  <testcase classname="TestNGStudy.MyTestClass" name="Test2" time="0.005"/>
  <system-out>
    <![CDATA[TC is failed]]>
  </system-out>
  <testcase classname="TestNGStudy.MyTestClass" name="Test1" time="0.010"/>
  <system-out>
    <![CDATA[TC is pass
TC is pass]]>
  </system-out>
  <testcase classname="TestNGStudy.MyTestClass" name="Test3" time="0.003"/>
  <system-out>
    <![CDATA[TC is failed]]>
  </system-out>
</testsuite> <!-- TestNGStudy.MyTestClass -->
