<?xml version="1.0" encoding="UTF-8"?>
<!-- Generated by org.testng.reporters.JUnitReportReporter -->
<testsuite hostname="DESKTOP-BEO3GE6" failures="0" tests="4" name="TestNGStudy.TestKeyWords_1" time="0.028" errors="0" timestamp="2022-06-28T13:55:20 IST" skipped="0">
  <testcase classname="TestNGStudy.TestKeyWords_1" name="invocationCountUse" time="0.005"/>
  <system-out>
    <![CDATA[TC is pass]]>
  </system-out>
  <testcase classname="TestNGStudy.TestKeyWords_1" name="invocationCountUse" time="0.006"/>
  <system-out>
    <![CDATA[TC is pass]]>
  </system-out>
  <testcase classname="TestNGStudy.TestKeyWords_1" name="invocationCountUse" time="0.012"/>
  <system-out>
    <![CDATA[TC is pass]]>
  </system-out>
  <testcase classname="TestNGStudy.TestKeyWords_1" name="invocationCountUse" time="0.005"/>
  <system-out>
    <![CDATA[TC is pass]]>
  </system-out>
</testsuite> <!-- TestNGStudy.TestKeyWords_1 -->
