<?xml version="1.0" encoding="UTF-8"?>
<!-- Generated by org.testng.reporters.JUnitReportReporter -->
<testsuite hostname="DESKTOP-BEO3GE6" failures="0" tests="3" name="TestNGStudy.TestKeyWords_5" time="0.019" errors="0" timestamp="2022-06-28T14:38:01 IST" skipped="0">
  <testcase classname="TestNGStudy.TestKeyWords_5" name="Test2" time="0.003"/>
  <system-out>
    <![CDATA[TC is failed]]>
  </system-out>
  <testcase classname="TestNGStudy.TestKeyWords_5" name="Test1" time="0.012"/>
  <system-out>
    <![CDATA[TC is pass]]>
  </system-out>
  <testcase classname="TestNGStudy.TestKeyWords_5" name="Test3" time="0.004"/>
  <system-out>
    <![CDATA[TC is failed]]>
  </system-out>
</testsuite> <!-- TestNGStudy.TestKeyWords_5 -->
