<?xml version="1.0" encoding="UTF-8"?>
<!-- Generated by org.testng.reporters.JUnitReportReporter -->
<testsuite hostname="DESKTOP-BEO3GE6" failures="0" tests="3" name="TestNG_Grouping_Serial_Parallel.TestClass_1" time="0.024" errors="0" timestamp="2022-07-01T14:59:20 IST" skipped="0">
  <testcase classname="TestNG_Grouping_Serial_Parallel.TestClass_1" name="Test1" time="0.016"/>
  <system-out>
    <![CDATA[TC is pass]]>
  </system-out>
  <testcase classname="TestNG_Grouping_Serial_Parallel.TestClass_1" name="Test2" time="0.003"/>
  <system-out>
    <![CDATA[TC is failed]]>
  </system-out>
  <testcase classname="TestNG_Grouping_Serial_Parallel.TestClass_1" name="Test3" time="0.005"/>
  <system-out>
    <![CDATA[TC is failed]]>
  </system-out>
</testsuite> <!-- TestNG_Grouping_Serial_Parallel.TestClass_1 -->
